<?xml version="1.0" encoding="UTF-8"?>
<persistence xmlns="http://java.sun.com/xml/ns/persistence" xmlns:xsi="http://www.w3.org/2001/XMLSchema-instance"
	xsi:schemaLocation="http://java.sun.com/xml/ns/persistence http://java.sun.com/xml/ns/persistence/persistence_1_0.xsd" version="1.0">
	<persistence-unit name="sample" transaction-type="RESOURCE_LOCAL">
		
		<class>org.openwis.management.entity.AlarmEvent</class>
		<class>org.openwis.management.entity.ExchangedData</class>
		<class>org.openwis.management.entity.FeedingFilter</class>
		<class>org.openwis.management.entity.IngestedData</class>
		<class>org.openwis.management.entity.IngestionFilter</class>
		<class>org.openwis.management.entity.ReplicatedData</class>
		<class>org.openwis.management.entity.ReplicationFilter</class>
		<class>org.openwis.management.entity.UserDisseminatedData</class>
		
		<properties>
			<property name="hibernate.dialect" value="org.hibernate.dialect.HSQLDialect" />
			<property name="hibernate.hbm2ddl.auto" value="create-drop" />
			<property name="hibernate.connection.driver_class" value="org.hsqldb.jdbcDriver" />
			<property name="hibernate.connection.username" value="sa" />
			<property name="hibernate.connection.password" value="" />
			<!--<property name="hibernate.connection.url" value="jdbc:hsqldb:hsql://localhost/jpatest" /> -->
			<property name="hibernate.connection.url" value="jdbc:hsqldb:mem" />
			<property name="hibernate.show_sql" value="true" />
		</properties>
	</persistence-unit>

</persistence>