<?xml version="1.0" encoding="UTF-8"?>
<persistence version="2.0" xmlns="http://java.sun.com/xml/ns/persistence" xmlns:xsi="http://www.w3.org/2001/XMLSchema-instance"
	xsi:schemaLocation="http://java.sun.com/xml/ns/persistence http://java.sun.com/xml/ns/persistence/persistence_2_0.xsd">
	<persistence-unit name="test">
		<provider>org.hibernate.ejb.HibernatePersistence</provider>
		<jta-data-source>testDatabase</jta-data-source>
		
		<class>org.openwis.management.entity.AlarmEvent</class>
		<class>org.openwis.management.entity.ExchangedData</class>
		<class>org.openwis.management.entity.FeedingFilter</class>
		<class>org.openwis.management.entity.IngestedData</class>
		<class>org.openwis.management.entity.IngestionFilter</class>
		<class>org.openwis.management.entity.ReplicatedData</class>
		<class>org.openwis.management.entity.ReplicationFilter</class>
		<class>org.openwis.management.entity.UserDisseminatedData</class>

		<properties>
			<property name="hibernate.hbm2ddl.auto" value="create-drop" />
			<property name="hibernate.show_sql" value="true" />
            <property name="hibernate.cache.use_second_level_cache"
                value="true" />
            <property name="hibernate.cache.use_query_cache" value="true" />
            <property name="hibernate.cache.provider_class" value="org.hibernate.cache.HashtableCacheProvider"/>
            <property name="hibernate.cache.use_second_level_cache"
                value="true" />
            <property name="hibernate.cache.use_query_cache" value="true" />
            <property name="hibernate.cache.provider_class" value="org.hibernate.cache.HashtableCacheProvider"/>
		</properties>
	</persistence-unit>
</persistence>
